<?xml version="1.0" encoding="UTF-8"?>
<!-- Generated by org.testng.reporters.JUnitReportReporter -->
<testsuite hostname="DESKTOP-KJ400B0" failures="0" tests="1" name="com.service.HookTestingMethods" time="0.006" errors="0" timestamp="2022-09-27T10:36:55 IST" skipped="0">
  <testcase classname="com.service.HookTestingMethods" name="f2" time="0.006"/>
  <system-out/>
</testsuite> <!-- com.service.HookTestingMethods -->
