<?xml version="1.0" encoding="UTF-8"?>
<!-- Generated by org.testng.reporters.JUnitReportReporter -->
<testsuite hostname="DESKTOP-KJ400B0" failures="0" tests="4" name="com.service.AccountServiceTest" time="0.513" errors="0" timestamp="2022-09-26T10:52:49 IST" skipped="3">
  <testcase classname="com.service.AccountServiceTest" name="createAccountTest" time="0.513"/>
  <system-out/>
  <testcase classname="com.service.AccountServiceTest" name="findBalanceTest">
    <skipped/>
  </testcase> <!-- findBalanceTest -->
  <system-out/>
  <testcase classname="com.service.AccountServiceTest" name="withdrawnTest">
    <skipped/>
  </testcase> <!-- withdrawnTest -->
  <system-out/>
  <testcase classname="com.service.AccountServiceTest" name="depositTest">
    <skipped/>
  </testcase> <!-- depositTest -->
  <system-out/>
</testsuite> <!-- com.service.AccountServiceTest -->
