<?xml version="1.0" encoding="UTF-8"?>
<!-- Generated by org.testng.reporters.JUnitReportReporter -->
<testsuite hostname="DESKTOP-KJ400B0" failures="0" tests="5" name="com.service.OrderTestExecution" time="0.012" errors="0" timestamp="2022-09-26T12:55:46 IST" skipped="0">
  <testcase classname="com.service.OrderTestExecution" name="d" time="0.007"/>
  <system-out/>
  <testcase classname="com.service.OrderTestExecution" name="e" time="0.001"/>
  <system-out/>
  <testcase classname="com.service.OrderTestExecution" name="a" time="0.001"/>
  <system-out/>
  <testcase classname="com.service.OrderTestExecution" name="b" time="0.001"/>
  <system-out/>
  <testcase classname="com.service.OrderTestExecution" name="c" time="0.002"/>
  <system-out/>
</testsuite> <!-- com.service.OrderTestExecution -->
