<?xml version="1.0" encoding="UTF-8"?>
<!-- Generated by org.testng.reporters.JUnitReportReporter -->
<testsuite hostname="DESKTOP-KJ400B0" failures="0" tests="3" name="com.service.CarTest" time="0.005" errors="0" timestamp="2022-09-27T10:36:55 IST" skipped="0">
  <testcase classname="com.service.CarTest" name="speed" time="0.002"/>
  <system-out/>
  <testcase classname="com.service.CarTest" name="color" time="0.001"/>
  <system-out/>
  <testcase classname="com.service.CarTest" name="mailge" time="0.002"/>
  <system-out/>
</testsuite> <!-- com.service.CarTest -->
