<?xml version="1.0" encoding="UTF-8"?>
<!-- Generated by org.testng.reporters.JUnitReportReporter -->
<testsuite hostname="DESKTOP-KJ400B0" failures="0" tests="1" name="com.testin.GooglePageTest" time="13.439" errors="0" timestamp="2022-09-28T12:15:16 IST" skipped="0">
  <testcase classname="com.testin.GooglePageTest" name="googlePageTest" time="13.439"/>
  <system-out/>
</testsuite> <!-- com.testin.GooglePageTest -->
