<?xml version="1.0" encoding="UTF-8"?>
<!-- Generated by org.testng.reporters.JUnitReportReporter -->
<testsuite hostname="DESKTOP-KJ400B0" failures="0" tests="1" name="com.testing.LoginPageTest" time="4.922" errors="0" timestamp="2022-09-28T11:43:10 IST" skipped="0">
  <testcase classname="com.testing.LoginPageTest" name="loginPageTest" time="4.922"/>
  <system-out/>
</testsuite> <!-- com.testing.LoginPageTest -->
